Reading netlist file: "C:\Users\yusuf\Desktop\FPGA\Projects\sequential_design\impl\gwsynthesis\sequential_design.vg"
Parsing netlist file "C:\Users\yusuf\Desktop\FPGA\Projects\sequential_design\impl\gwsynthesis\sequential_design.vg" completed
Processing netlist completed
Reading constraint file: "C:\Users\yusuf\Desktop\FPGA\Projects\sequential_design\src\sequential_design.cst"
Physical Constraint parsed completed
Running placement......
[10%] Placement Phase 0 completed
[20%] Placement Phase 1 completed
[30%] Placement Phase 2 completed
WARN  (TA1132) :  'clk' was determined to be a clock but was not created.
[50%] Placement Phase 3 completed
Running routing......
[60%] Routing Phase 0 completed
[70%] Routing Phase 1 completed
[80%] Routing Phase 2 completed
WARN  (PR1014) : Generic routing resource will be used to clock signal 'clk_d' by the specified constraint. And then it may lead to the excessive delay or skew
[90%] Routing Phase 3 completed
Running timing analysis......
[95%] Timing analysis completed
Placement and routing completed
Bitstream generation in progress......
Bitstream generation completed
Running power analysis......
[100%] Power analysis completed
Generate file "C:\Users\yusuf\Desktop\FPGA\Projects\sequential_design\impl\pnr\sequential_design.power.html" completed
Generate file "C:\Users\yusuf\Desktop\FPGA\Projects\sequential_design\impl\pnr\sequential_design.pin.html" completed
Generate file "C:\Users\yusuf\Desktop\FPGA\Projects\sequential_design\impl\pnr\sequential_design.rpt.html" completed
Generate file "C:\Users\yusuf\Desktop\FPGA\Projects\sequential_design\impl\pnr\sequential_design.rpt.txt" completed
Generate file "C:\Users\yusuf\Desktop\FPGA\Projects\sequential_design\impl\pnr\sequential_design.tr.html" completed
Wed Jan 14 20:03:00 2026

